<?xml version="1.0" encoding="UTF-8"?>
<!-- Generated by org.testng.reporters.JUnitReportReporter -->
<testsuite hostname="DESKTOP-51I7M0A" failures="0" tests="3" name="apiAutomationsample.ApiTestparameterize" time="28.461" errors="0" timestamp="2020-10-18T05:37:45 EDT" skipped="0">
  <testcase classname="apiAutomationsample.ApiTestparameterize" name="place" time="7.976"/>
  <system-out/>
  <testcase classname="apiAutomationsample.ApiTestparameterize" name="place" time="11.814"/>
  <system-out/>
  <testcase classname="apiAutomationsample.ApiTestparameterize" name="place" time="8.671"/>
  <system-out/>
</testsuite> <!-- apiAutomationsample.ApiTestparameterize -->
