<?xml version="1.0" encoding="UTF-8"?>
<!-- Generated by org.testng.reporters.JUnitReportReporter -->
<testsuite hostname="DESKTOP-51I7M0A" failures="0" tests="1" name="com.personal.test.testone" time="15.251" errors="0" timestamp="2020-10-03T06:24:00 EDT" skipped="0">
  <testcase classname="com.personal.test.testone" name="freeshippinglink" time="15.251"/>
  <system-out/>
</testsuite> <!-- com.personal.test.testone -->
